[21:52:39.537] Global cache location '/home/archbox/.cache/typescript/4.7', safe file path '/home/archbox/.local/lib/node_modules/typescript/lib/typingSafeList.json', types map path /home/archbox/.local/lib/node_modules/typescript/lib/typesMap.json
[21:52:39.537] Processing cache location '/home/archbox/.cache/typescript/4.7'
[21:52:39.537] Trying to find '/home/archbox/.cache/typescript/4.7/package.json'...
[21:52:39.538] Loaded content of '/home/archbox/.cache/typescript/4.7/package.json': {"private":true,"dependencies":{"types-registry":"^0.1.657"}}
[21:52:39.538] Loaded content of '/home/archbox/.cache/typescript/4.7/package-lock.json'
[21:52:39.538] Finished processing cache location '/home/archbox/.cache/typescript/4.7'
[21:52:39.538] Process id: 18908
[21:52:39.538] NPM location: /usr/bin/npm (explicit '--npmLocation' not  provided)
[21:52:39.538] validateDefaultNpmLocation: false
[21:52:39.538] Npm config file: /home/archbox/.cache/typescript/4.7/package.json
[21:52:39.538] Updating types-registry npm package...
[21:52:39.538] Exec: /usr/bin/npm install --ignore-scripts types-registry@latest
[21:52:40.308]     Succeeded. stdout:
    
    up to date, audited 2 packages in 560ms

found 0 vulnerabilities

[21:52:40.308] Updated types-registry npm package
[21:52:40.335] Got install request {"projectName":"/dev/null/inferredProject1*","fileNames":["/home/archbox/.local/lib/node_modules/typescript/lib/lib.es5.d.ts","/home/archbox/.local/lib/node_modules/typescript/lib/lib.es2015.d.ts","/home/archbox/.local/lib/node_modules/typescript/lib/lib.es2016.d.ts","/home/archbox/.local/lib/node_modules/typescript/lib/lib.dom.d.ts","/home/archbox/.local/lib/node_modules/typescript/lib/lib.dom.iterable.d.ts","/home/archbox/.local/lib/node_modules/typescript/lib/lib.webworker.importscripts.d.ts","/home/archbox/.local/lib/node_modules/typescript/lib/lib.scripthost.d.ts","/home/archbox/.local/lib/node_modules/typescript/lib/lib.es2015.core.d.ts","/home/archbox/.local/lib/node_modules/typescript/lib/lib.es2015.collection.d.ts","/home/archbox/.local/lib/node_modules/typescript/lib/lib.es2015.generator.d.ts","/home/archbox/.local/lib/node_modules/typescript/lib/lib.es2015.iterable.d.ts","/home/archbox/.local/lib/node_modules/typescript/lib/lib.es2015.promise.d.ts","/home/archbox/.local/lib/node_modules/typescript/lib/lib.es2015.proxy.d.ts","/home/archbox/.local/lib/node_modules/typescript/lib/lib.es2015.reflect.d.ts","/home/archbox/.local/lib/node_modules/typescript/lib/lib.es2015.symbol.d.ts","/home/archbox/.local/lib/node_modules/typescript/lib/lib.es2015.symbol.wellknown.d.ts","/home/archbox/.local/lib/node_modules/typescript/lib/lib.es2016.array.include.d.ts","/home/archbox/.local/lib/node_modules/typescript/lib/lib.es2016.full.d.ts","/home/archbox/Projects/nextflow-tree-sitter/grammar.js"],"compilerOptions":{"module":1,"target":3,"jsx":1,"allowJs":true,"allowSyntheticDefaultImports":true,"allowNonTsExtensions":true,"noEmitForJsFiles":true,"maxNodeModuleJsDepth":2},"typeAcquisition":{"enable":true,"include":[],"exclude":[]},"unresolvedImports":[],"projectRootPath":"/home/archbox/Projects/nextflow-tree-sitter","kind":"discover"}
[21:52:40.350] Loaded safelist from types map file '/home/archbox/.local/lib/node_modules/typescript/lib/typesMap.json'
[21:52:40.350] Explicitly included types: []
[21:52:40.351] Typing names in '/home/archbox/Projects/nextflow-tree-sitter/package.json' dependencies: ["nan","tree-sitter-cli"]
[21:52:40.351] Searching for typing names in /home/archbox/Projects/nextflow-tree-sitter/node_modules; all files: ["/home/archbox/Projects/nextflow-tree-sitter/node_modules/nan/package.json","/home/archbox/Projects/nextflow-tree-sitter/node_modules/tree-sitter-cli/package.json"]
[21:52:40.352]     Found package names: ["nan","tree-sitter-cli"]
[21:52:40.352] Inferred typings from unresolved imports: []
[21:52:40.352] Result: {"cachedTypingPaths":[],"newTypingNames":["nan","tree-sitter-cli"],"filesToWatch":["/home/archbox/Projects/nextflow-tree-sitter/bower_components","/home/archbox/Projects/nextflow-tree-sitter/package.json","/home/archbox/Projects/nextflow-tree-sitter/node_modules"]}
[21:52:40.353] Finished typings discovery: {"cachedTypingPaths":[],"newTypingNames":["nan","tree-sitter-cli"],"filesToWatch":["/home/archbox/Projects/nextflow-tree-sitter/bower_components","/home/archbox/Projects/nextflow-tree-sitter/package.json","/home/archbox/Projects/nextflow-tree-sitter/node_modules"]}
[21:52:40.353] DirectoryWatcher:: Added:: WatchInfo: /home/archbox/Projects/nextflow-tree-sitter/bower_components
[21:52:40.353] DirectoryWatcher:: Added:: WatchInfo: /home/archbox/Projects/nextflow-tree-sitter/bower_components 1 undefined Project: /dev/null/inferredProject1* watcher already invoked: false
[21:52:40.354] Elapsed:: 0.7799299992620945ms DirectoryWatcher:: Added:: WatchInfo: /home/archbox/Projects/nextflow-tree-sitter/bower_components 1 undefined Project: /dev/null/inferredProject1* watcher already invoked: false
[21:52:40.354] FileWatcher:: Added:: WatchInfo: /home/archbox/Projects/nextflow-tree-sitter/package.json
[21:52:40.354] FileWatcher:: Added:: WatchInfo: /home/archbox/Projects/nextflow-tree-sitter/package.json 2000 undefined Project: /dev/null/inferredProject1* watcher already invoked: false
[21:52:40.354] DirectoryWatcher:: Added:: WatchInfo: /home/archbox/Projects/nextflow-tree-sitter/node_modules
[21:52:40.354] DirectoryWatcher:: Added:: WatchInfo: /home/archbox/Projects/nextflow-tree-sitter/node_modules 1 undefined Project: /dev/null/inferredProject1* watcher already invoked: false
[21:52:40.356] Elapsed:: 1.350501000881195ms DirectoryWatcher:: Added:: WatchInfo: /home/archbox/Projects/nextflow-tree-sitter/node_modules 1 undefined Project: /dev/null/inferredProject1* watcher already invoked: false
[21:52:40.356] Installing typings ["nan","tree-sitter-cli"]
[21:52:40.356] 'nan':: Entry for package 'nan' does not exist in local types registry - skipping...
[21:52:40.356] 'tree-sitter-cli':: Entry for package 'tree-sitter-cli' does not exist in local types registry - skipping...
[21:52:40.356] All typings are known to be missing or invalid - no need to install more typings
[21:52:40.356] Sending response:
    {"projectName":"/dev/null/inferredProject1*","typeAcquisition":{"enable":true,"include":[],"exclude":[]},"compilerOptions":{"module":1,"target":3,"jsx":1,"allowJs":true,"allowSyntheticDefaultImports":true,"allowNonTsExtensions":true,"noEmitForJsFiles":true,"maxNodeModuleJsDepth":2},"typings":[],"unresolvedImports":[],"kind":"action::set"}
[21:52:40.356] Response has been sent.
[21:58:03.689] Got install request {"projectName":"/dev/null/inferredProject1*","fileNames":["/home/archbox/.local/lib/node_modules/typescript/lib/lib.es5.d.ts","/home/archbox/.local/lib/node_modules/typescript/lib/lib.es2015.d.ts","/home/archbox/.local/lib/node_modules/typescript/lib/lib.es2016.d.ts","/home/archbox/.local/lib/node_modules/typescript/lib/lib.dom.d.ts","/home/archbox/.local/lib/node_modules/typescript/lib/lib.dom.iterable.d.ts","/home/archbox/.local/lib/node_modules/typescript/lib/lib.webworker.importscripts.d.ts","/home/archbox/.local/lib/node_modules/typescript/lib/lib.scripthost.d.ts","/home/archbox/.local/lib/node_modules/typescript/lib/lib.es2015.core.d.ts","/home/archbox/.local/lib/node_modules/typescript/lib/lib.es2015.collection.d.ts","/home/archbox/.local/lib/node_modules/typescript/lib/lib.es2015.generator.d.ts","/home/archbox/.local/lib/node_modules/typescript/lib/lib.es2015.iterable.d.ts","/home/archbox/.local/lib/node_modules/typescript/lib/lib.es2015.promise.d.ts","/home/archbox/.local/lib/node_modules/typescript/lib/lib.es2015.proxy.d.ts","/home/archbox/.local/lib/node_modules/typescript/lib/lib.es2015.reflect.d.ts","/home/archbox/.local/lib/node_modules/typescript/lib/lib.es2015.symbol.d.ts","/home/archbox/.local/lib/node_modules/typescript/lib/lib.es2015.symbol.wellknown.d.ts","/home/archbox/.local/lib/node_modules/typescript/lib/lib.es2016.array.include.d.ts","/home/archbox/.local/lib/node_modules/typescript/lib/lib.es2016.full.d.ts","/home/archbox/Projects/nextflow-tree-sitter/grammar.js"],"compilerOptions":{"module":1,"target":3,"jsx":1,"allowJs":true,"allowSyntheticDefaultImports":true,"allowNonTsExtensions":true,"noEmitForJsFiles":true,"maxNodeModuleJsDepth":2},"typeAcquisition":{"enable":true,"include":[],"exclude":[]},"projectRootPath":"/home/archbox/Projects/nextflow-tree-sitter","kind":"discover"}
[21:58:03.689] Explicitly included types: []
[21:58:03.690] Typing names in '/home/archbox/Projects/nextflow-tree-sitter/package.json' dependencies: ["nan","tree-sitter-cli"]
[21:58:03.690] Searching for typing names in /home/archbox/Projects/nextflow-tree-sitter/node_modules; all files: ["/home/archbox/Projects/nextflow-tree-sitter/node_modules/nan/package.json","/home/archbox/Projects/nextflow-tree-sitter/node_modules/tree-sitter-cli/package.json"]
[21:58:03.692]     Found package names: ["nan","tree-sitter-cli"]
[21:58:03.692] Result: {"cachedTypingPaths":[],"newTypingNames":["nan","tree-sitter-cli"],"filesToWatch":["/home/archbox/Projects/nextflow-tree-sitter/bower_components","/home/archbox/Projects/nextflow-tree-sitter/package.json","/home/archbox/Projects/nextflow-tree-sitter/node_modules"]}
[21:58:03.692] Finished typings discovery: {"cachedTypingPaths":[],"newTypingNames":["nan","tree-sitter-cli"],"filesToWatch":["/home/archbox/Projects/nextflow-tree-sitter/bower_components","/home/archbox/Projects/nextflow-tree-sitter/package.json","/home/archbox/Projects/nextflow-tree-sitter/node_modules"]}
[21:58:03.692] Installing typings ["nan","tree-sitter-cli"]
[21:58:03.692] 'nan':: Entry for package 'nan' does not exist in local types registry - skipping...
[21:58:03.692] 'tree-sitter-cli':: Entry for package 'tree-sitter-cli' does not exist in local types registry - skipping...
[21:58:03.692] All typings are known to be missing or invalid - no need to install more typings
[21:58:03.692] Sending response:
    {"projectName":"/dev/null/inferredProject1*","typeAcquisition":{"enable":true,"include":[],"exclude":[]},"compilerOptions":{"module":1,"target":3,"jsx":1,"allowJs":true,"allowSyntheticDefaultImports":true,"allowNonTsExtensions":true,"noEmitForJsFiles":true,"maxNodeModuleJsDepth":2},"typings":[],"kind":"action::set"}
[21:58:03.692] Response has been sent.
[21:59:02.622] Got install request {"projectName":"/dev/null/inferredProject1*","fileNames":["/home/archbox/.local/lib/node_modules/typescript/lib/lib.es5.d.ts","/home/archbox/.local/lib/node_modules/typescript/lib/lib.es2015.d.ts","/home/archbox/.local/lib/node_modules/typescript/lib/lib.es2016.d.ts","/home/archbox/.local/lib/node_modules/typescript/lib/lib.dom.d.ts","/home/archbox/.local/lib/node_modules/typescript/lib/lib.dom.iterable.d.ts","/home/archbox/.local/lib/node_modules/typescript/lib/lib.webworker.importscripts.d.ts","/home/archbox/.local/lib/node_modules/typescript/lib/lib.scripthost.d.ts","/home/archbox/.local/lib/node_modules/typescript/lib/lib.es2015.core.d.ts","/home/archbox/.local/lib/node_modules/typescript/lib/lib.es2015.collection.d.ts","/home/archbox/.local/lib/node_modules/typescript/lib/lib.es2015.generator.d.ts","/home/archbox/.local/lib/node_modules/typescript/lib/lib.es2015.iterable.d.ts","/home/archbox/.local/lib/node_modules/typescript/lib/lib.es2015.promise.d.ts","/home/archbox/.local/lib/node_modules/typescript/lib/lib.es2015.proxy.d.ts","/home/archbox/.local/lib/node_modules/typescript/lib/lib.es2015.reflect.d.ts","/home/archbox/.local/lib/node_modules/typescript/lib/lib.es2015.symbol.d.ts","/home/archbox/.local/lib/node_modules/typescript/lib/lib.es2015.symbol.wellknown.d.ts","/home/archbox/.local/lib/node_modules/typescript/lib/lib.es2016.array.include.d.ts","/home/archbox/.local/lib/node_modules/typescript/lib/lib.es2016.full.d.ts","/home/archbox/Projects/nextflow-tree-sitter/grammar.js"],"compilerOptions":{"module":1,"target":3,"jsx":1,"allowJs":true,"allowSyntheticDefaultImports":true,"allowNonTsExtensions":true,"noEmitForJsFiles":true,"maxNodeModuleJsDepth":2},"typeAcquisition":{"enable":true,"include":[],"exclude":[]},"projectRootPath":"/home/archbox/Projects/nextflow-tree-sitter","kind":"discover"}
[21:59:02.622] Explicitly included types: []
[21:59:02.623] Typing names in '/home/archbox/Projects/nextflow-tree-sitter/package.json' dependencies: ["nan","tree-sitter-cli"]
[21:59:02.623] Searching for typing names in /home/archbox/Projects/nextflow-tree-sitter/node_modules; all files: ["/home/archbox/Projects/nextflow-tree-sitter/node_modules/nan/package.json","/home/archbox/Projects/nextflow-tree-sitter/node_modules/tree-sitter-cli/package.json"]
[21:59:02.625]     Found package names: ["nan","tree-sitter-cli"]
[21:59:02.625] Result: {"cachedTypingPaths":[],"newTypingNames":["nan","tree-sitter-cli"],"filesToWatch":["/home/archbox/Projects/nextflow-tree-sitter/bower_components","/home/archbox/Projects/nextflow-tree-sitter/package.json","/home/archbox/Projects/nextflow-tree-sitter/node_modules"]}
[21:59:02.625] Finished typings discovery: {"cachedTypingPaths":[],"newTypingNames":["nan","tree-sitter-cli"],"filesToWatch":["/home/archbox/Projects/nextflow-tree-sitter/bower_components","/home/archbox/Projects/nextflow-tree-sitter/package.json","/home/archbox/Projects/nextflow-tree-sitter/node_modules"]}
[21:59:02.625] Installing typings ["nan","tree-sitter-cli"]
[21:59:02.625] 'nan':: Entry for package 'nan' does not exist in local types registry - skipping...
[21:59:02.625] 'tree-sitter-cli':: Entry for package 'tree-sitter-cli' does not exist in local types registry - skipping...
[21:59:02.625] All typings are known to be missing or invalid - no need to install more typings
[21:59:02.625] Sending response:
    {"projectName":"/dev/null/inferredProject1*","typeAcquisition":{"enable":true,"include":[],"exclude":[]},"compilerOptions":{"module":1,"target":3,"jsx":1,"allowJs":true,"allowSyntheticDefaultImports":true,"allowNonTsExtensions":true,"noEmitForJsFiles":true,"maxNodeModuleJsDepth":2},"typings":[],"kind":"action::set"}
[21:59:02.625] Response has been sent.
[22:01:48.992] FileWatcher:: Triggered with /home/archbox/Projects/nextflow-tree-sitter/package.json 1:: WatchInfo: /home/archbox/Projects/nextflow-tree-sitter/package.json 2000 undefined Project: /dev/null/inferredProject1* watcher already invoked: false
[22:01:48.992] Sending response:
    {"projectName":"/dev/null/inferredProject1*","kind":"action::invalidate"}
[22:01:48.992] Response has been sent.
[22:01:48.992] Elapsed:: 0.18659000098705292ms FileWatcher:: Triggered with /home/archbox/Projects/nextflow-tree-sitter/package.json 1:: WatchInfo: /home/archbox/Projects/nextflow-tree-sitter/package.json 2000 undefined Project: /dev/null/inferredProject1* watcher already invoked: false
[22:01:49.093] Got install request {"projectName":"/dev/null/inferredProject1*","fileNames":["/home/archbox/.local/lib/node_modules/typescript/lib/lib.es5.d.ts","/home/archbox/.local/lib/node_modules/typescript/lib/lib.es2015.d.ts","/home/archbox/.local/lib/node_modules/typescript/lib/lib.es2016.d.ts","/home/archbox/.local/lib/node_modules/typescript/lib/lib.dom.d.ts","/home/archbox/.local/lib/node_modules/typescript/lib/lib.dom.iterable.d.ts","/home/archbox/.local/lib/node_modules/typescript/lib/lib.webworker.importscripts.d.ts","/home/archbox/.local/lib/node_modules/typescript/lib/lib.scripthost.d.ts","/home/archbox/.local/lib/node_modules/typescript/lib/lib.es2015.core.d.ts","/home/archbox/.local/lib/node_modules/typescript/lib/lib.es2015.collection.d.ts","/home/archbox/.local/lib/node_modules/typescript/lib/lib.es2015.generator.d.ts","/home/archbox/.local/lib/node_modules/typescript/lib/lib.es2015.iterable.d.ts","/home/archbox/.local/lib/node_modules/typescript/lib/lib.es2015.promise.d.ts","/home/archbox/.local/lib/node_modules/typescript/lib/lib.es2015.proxy.d.ts","/home/archbox/.local/lib/node_modules/typescript/lib/lib.es2015.reflect.d.ts","/home/archbox/.local/lib/node_modules/typescript/lib/lib.es2015.symbol.d.ts","/home/archbox/.local/lib/node_modules/typescript/lib/lib.es2015.symbol.wellknown.d.ts","/home/archbox/.local/lib/node_modules/typescript/lib/lib.es2016.array.include.d.ts","/home/archbox/.local/lib/node_modules/typescript/lib/lib.es2016.full.d.ts","/home/archbox/Projects/nextflow-tree-sitter/grammar.js"],"compilerOptions":{"module":1,"target":3,"jsx":1,"allowJs":true,"allowSyntheticDefaultImports":true,"allowNonTsExtensions":true,"noEmitForJsFiles":true,"maxNodeModuleJsDepth":2},"typeAcquisition":{"enable":true,"include":[],"exclude":[]},"projectRootPath":"/home/archbox/Projects/nextflow-tree-sitter","kind":"discover"}
[22:01:49.093] Explicitly included types: []
[22:01:49.094] Typing names in '/home/archbox/Projects/nextflow-tree-sitter/package.json' dependencies: ["nan","tree-sitter-cli"]
[22:01:49.094] Searching for typing names in /home/archbox/Projects/nextflow-tree-sitter/node_modules; all files: ["/home/archbox/Projects/nextflow-tree-sitter/node_modules/nan/package.json","/home/archbox/Projects/nextflow-tree-sitter/node_modules/tree-sitter-cli/package.json"]
[22:01:49.095]     Found package names: ["nan","tree-sitter-cli"]
[22:01:49.095] Result: {"cachedTypingPaths":[],"newTypingNames":["nan","tree-sitter-cli"],"filesToWatch":["/home/archbox/Projects/nextflow-tree-sitter/bower_components","/home/archbox/Projects/nextflow-tree-sitter/package.json","/home/archbox/Projects/nextflow-tree-sitter/node_modules"]}
[22:01:49.095] Finished typings discovery: {"cachedTypingPaths":[],"newTypingNames":["nan","tree-sitter-cli"],"filesToWatch":["/home/archbox/Projects/nextflow-tree-sitter/bower_components","/home/archbox/Projects/nextflow-tree-sitter/package.json","/home/archbox/Projects/nextflow-tree-sitter/node_modules"]}
[22:01:49.095] Installing typings ["nan","tree-sitter-cli"]
[22:01:49.096] 'nan':: Entry for package 'nan' does not exist in local types registry - skipping...
[22:01:49.096] 'tree-sitter-cli':: Entry for package 'tree-sitter-cli' does not exist in local types registry - skipping...
[22:01:49.096] All typings are known to be missing or invalid - no need to install more typings
[22:01:49.096] Sending response:
    {"projectName":"/dev/null/inferredProject1*","typeAcquisition":{"enable":true,"include":[],"exclude":[]},"compilerOptions":{"module":1,"target":3,"jsx":1,"allowJs":true,"allowSyntheticDefaultImports":true,"allowNonTsExtensions":true,"noEmitForJsFiles":true,"maxNodeModuleJsDepth":2},"typings":[],"kind":"action::set"}
[22:01:49.096] Response has been sent.
